<?xml version="1.0" encoding="UTF-8" ?>
<testsuite tests="4" failures="0" name="apryraz.tworld.TreasureFinderTest" time="0.398" errors="0" skipped="0">
  <properties>
[...]
</properties>
  <testcase classname="apryraz.tworld.TreasureFinderTest" name="TWorldTest1" time="0.074"/>
  <testcase classname="apryraz.tworld.TreasureFinderTest" name="TWorldTest2" time="0.097"/>
  <testcase classname="apryraz.tworld.TreasureFinderTest" name="TWorldTest3" time="0.127"/>
  <testcase classname="apryraz.tworld.TreasureFinderTest" name="TWorldTest4" time="0.1"/>
</testsuite>